mode: set
cjw.com/melodywen/go-ioc/bind_of_container.go:8.91,18.21 3 1
cjw.com/melodywen/go-ioc/bind_of_container.go:25.2,25.53 1 1
cjw.com/melodywen/go-ioc/bind_of_container.go:30.2,36.34 2 1
cjw.com/melodywen/go-ioc/bind_of_container.go:18.21,20.3 1 0
cjw.com/melodywen/go-ioc/bind_of_container.go:25.53,27.3 1 1
cjw.com/melodywen/go-ioc/bind_of_container.go:36.34,38.3 1 1
cjw.com/melodywen/go-ioc/bind_of_container.go:43.75,44.54 1 1
cjw.com/melodywen/go-ioc/bind_of_container.go:48.2,48.52 1 1
cjw.com/melodywen/go-ioc/bind_of_container.go:52.2,52.11 1 1
cjw.com/melodywen/go-ioc/bind_of_container.go:44.54,47.3 2 1
cjw.com/melodywen/go-ioc/bind_of_container.go:48.52,51.3 2 1
cjw.com/melodywen/go-ioc/bind_of_container.go:56.70,57.33 1 1
cjw.com/melodywen/go-ioc/bind_of_container.go:60.2,62.50 2 1
cjw.com/melodywen/go-ioc/bind_of_container.go:65.2,65.51 1 1
cjw.com/melodywen/go-ioc/bind_of_container.go:68.2,68.14 1 1
cjw.com/melodywen/go-ioc/bind_of_container.go:57.33,59.3 1 0
cjw.com/melodywen/go-ioc/bind_of_container.go:62.50,64.3 1 1
cjw.com/melodywen/go-ioc/bind_of_container.go:65.51,67.3 1 1
cjw.com/melodywen/go-ioc/bind_of_container.go:72.67,75.50 2 1
cjw.com/melodywen/go-ioc/bind_of_container.go:78.2,78.51 1 1
cjw.com/melodywen/go-ioc/bind_of_container.go:81.2,81.30 1 1
cjw.com/melodywen/go-ioc/bind_of_container.go:84.2,84.14 1 1
cjw.com/melodywen/go-ioc/bind_of_container.go:75.50,77.3 1 1
cjw.com/melodywen/go-ioc/bind_of_container.go:78.51,80.3 1 1
cjw.com/melodywen/go-ioc/bind_of_container.go:81.30,83.3 1 1
cjw.com/melodywen/go-ioc/bind_of_container.go:88.94,91.43 3 1
cjw.com/melodywen/go-ioc/bind_of_container.go:98.2,101.13 3 1
cjw.com/melodywen/go-ioc/bind_of_container.go:104.2,104.17 1 1
cjw.com/melodywen/go-ioc/bind_of_container.go:91.43,93.3 1 1
cjw.com/melodywen/go-ioc/bind_of_container.go:101.13,103.3 1 1
cjw.com/melodywen/go-ioc/container.go:8.32,31.2 2 1
cjw.com/melodywen/go-ioc/contextual_binding_builder.go:9.101,11.2 1 1
cjw.com/melodywen/go-ioc/contextual_binding_builder.go:14.91,17.2 2 1
cjw.com/melodywen/go-ioc/contextual_binding_builder.go:20.71,21.40 1 1
cjw.com/melodywen/go-ioc/contextual_binding_builder.go:21.40,23.3 1 1
cjw.com/melodywen/go-ioc/resolve_of_container.go:8.104,11.2 2 1
cjw.com/melodywen/go-ioc/resolve_of_container.go:14.68,17.2 2 1
cjw.com/melodywen/go-ioc/resolve_of_container.go:19.124,21.23 2 1
cjw.com/melodywen/go-ioc/resolve_of_container.go:25.2,25.63 1 1
cjw.com/melodywen/go-ioc/resolve_of_container.go:21.23,24.3 2 1
cjw.com/melodywen/go-ioc/resolve_of_container.go:29.140,35.17 2 1
cjw.com/melodywen/go-ioc/resolve_of_container.go:39.2,46.73 3 1
cjw.com/melodywen/go-ioc/resolve_of_container.go:50.2,50.21 1 1
cjw.com/melodywen/go-ioc/resolve_of_container.go:57.2,57.47 1 1
cjw.com/melodywen/go-ioc/resolve_of_container.go:66.2,66.60 1 1
cjw.com/melodywen/go-ioc/resolve_of_container.go:73.2,73.59 1 1
cjw.com/melodywen/go-ioc/resolve_of_container.go:77.2,77.17 1 1
cjw.com/melodywen/go-ioc/resolve_of_container.go:81.2,82.15 2 1
cjw.com/melodywen/go-ioc/resolve_of_container.go:35.17,37.3 1 1
cjw.com/melodywen/go-ioc/resolve_of_container.go:46.73,48.3 1 1
cjw.com/melodywen/go-ioc/resolve_of_container.go:50.21,52.3 1 1
cjw.com/melodywen/go-ioc/resolve_of_container.go:57.47,59.3 1 1
cjw.com/melodywen/go-ioc/resolve_of_container.go:59.8,61.3 1 0
cjw.com/melodywen/go-ioc/resolve_of_container.go:66.60,68.3 1 1
cjw.com/melodywen/go-ioc/resolve_of_container.go:73.59,75.3 1 1
cjw.com/melodywen/go-ioc/resolve_of_container.go:77.17,79.3 1 1
cjw.com/melodywen/go-ioc/resolve_of_container.go:87.81,89.51 1 1
cjw.com/melodywen/go-ioc/resolve_of_container.go:92.2,92.17 1 1
cjw.com/melodywen/go-ioc/resolve_of_container.go:89.51,91.3 1 1
cjw.com/melodywen/go-ioc/resolve_of_container.go:96.60,97.48 1 1
cjw.com/melodywen/go-ioc/resolve_of_container.go:100.2,100.51 1 1
cjw.com/melodywen/go-ioc/resolve_of_container.go:103.2,103.14 1 1
cjw.com/melodywen/go-ioc/resolve_of_container.go:97.48,99.3 1 1
cjw.com/melodywen/go-ioc/resolve_of_container.go:100.51,102.3 1 1
cjw.com/melodywen/go-ioc/extend_of_container.go:15.86,17.26 2 1
cjw.com/melodywen/go-ioc/extend_of_container.go:31.2,31.17 1 1
cjw.com/melodywen/go-ioc/extend_of_container.go:18.22,19.31 1 1
cjw.com/melodywen/go-ioc/extend_of_container.go:20.19,21.42 1 1
cjw.com/melodywen/go-ioc/extend_of_container.go:22.22,23.58 1 1
cjw.com/melodywen/go-ioc/extend_of_container.go:24.20,25.75 1 1
cjw.com/melodywen/go-ioc/extend_of_container.go:26.19,27.78 1 1
cjw.com/melodywen/go-ioc/extend_of_container.go:28.10,29.31 1 0
cjw.com/melodywen/go-ioc/alias_of_container.go:4.69,8.2 3 1
cjw.com/melodywen/go-ioc/alias_of_container.go:11.67,13.43 2 1
cjw.com/melodywen/go-ioc/alias_of_container.go:16.2,16.14 1 1
cjw.com/melodywen/go-ioc/alias_of_container.go:13.43,15.3 1 1
cjw.com/melodywen/go-ioc/alias_of_container.go:20.76,23.29 3 1
cjw.com/melodywen/go-ioc/alias_of_container.go:27.2,28.51 2 1
cjw.com/melodywen/go-ioc/alias_of_container.go:31.2,31.99 1 1
cjw.com/melodywen/go-ioc/alias_of_container.go:23.29,25.47 1 0
cjw.com/melodywen/go-ioc/alias_of_container.go:28.51,30.3 1 1
cjw.com/melodywen/go-ioc/alias_of_container.go:35.74,36.45 1 1
cjw.com/melodywen/go-ioc/alias_of_container.go:39.2,39.59 1 1
cjw.com/melodywen/go-ioc/alias_of_container.go:47.2,47.11 1 1
cjw.com/melodywen/go-ioc/alias_of_container.go:36.45,38.3 1 1
cjw.com/melodywen/go-ioc/alias_of_container.go:39.59,40.37 1 1
cjw.com/melodywen/go-ioc/alias_of_container.go:40.37,41.23 1 1
cjw.com/melodywen/go-ioc/alias_of_container.go:41.23,44.5 2 1
cjw.com/melodywen/go-ioc/build_of_container.go:9.75,12.42 3 1
cjw.com/melodywen/go-ioc/build_of_container.go:15.2,15.14 1 1
cjw.com/melodywen/go-ioc/build_of_container.go:12.42,14.3 1 1
cjw.com/melodywen/go-ioc/build_of_container.go:25.125,26.15 1 1
cjw.com/melodywen/go-ioc/build_of_container.go:35.2,37.29 2 1
cjw.com/melodywen/go-ioc/build_of_container.go:45.2,46.23 2 1
cjw.com/melodywen/go-ioc/build_of_container.go:51.2,54.39 3 1
cjw.com/melodywen/go-ioc/build_of_container.go:58.2,62.30 4 1
cjw.com/melodywen/go-ioc/build_of_container.go:79.2,79.23 1 1
cjw.com/melodywen/go-ioc/build_of_container.go:83.2,83.24 1 1
cjw.com/melodywen/go-ioc/build_of_container.go:86.2,86.17 1 1
cjw.com/melodywen/go-ioc/build_of_container.go:26.15,27.35 1 1
cjw.com/melodywen/go-ioc/build_of_container.go:27.35,31.14 4 0
cjw.com/melodywen/go-ioc/build_of_container.go:38.20,38.20 0 1
cjw.com/melodywen/go-ioc/build_of_container.go:39.10,41.69 2 0
cjw.com/melodywen/go-ioc/build_of_container.go:46.23,48.3 1 1
cjw.com/melodywen/go-ioc/build_of_container.go:54.39,56.3 1 1
cjw.com/melodywen/go-ioc/build_of_container.go:62.30,64.28 2 1
cjw.com/melodywen/go-ioc/build_of_container.go:65.20,71.54 6 1
cjw.com/melodywen/go-ioc/build_of_container.go:72.11,76.54 4 1
cjw.com/melodywen/go-ioc/build_of_container.go:79.23,81.3 1 1
cjw.com/melodywen/go-ioc/build_of_container.go:83.24,85.3 1 1
cjw.com/melodywen/go-ioc/build_of_container.go:93.90,95.43 1 1
cjw.com/melodywen/go-ioc/build_of_container.go:98.2,98.56 1 1
cjw.com/melodywen/go-ioc/build_of_container.go:95.43,97.3 1 1
cjw.com/melodywen/go-ioc/callback_of_container.go:4.132,6.53 2 1
cjw.com/melodywen/go-ioc/callback_of_container.go:9.2,10.28 2 1
cjw.com/melodywen/go-ioc/callback_of_container.go:13.2,13.12 1 1
cjw.com/melodywen/go-ioc/callback_of_container.go:6.53,8.3 1 1
cjw.com/melodywen/go-ioc/callback_of_container.go:10.28,12.3 1 1
cjw.com/melodywen/go-ioc/callback_of_container.go:17.54,19.67 2 1
cjw.com/melodywen/go-ioc/callback_of_container.go:19.67,21.3 1 1
cjw.com/melodywen/go-ioc/callback_of_container.go:25.117,26.55 1 1
cjw.com/melodywen/go-ioc/callback_of_container.go:29.2,29.61 1 1
cjw.com/melodywen/go-ioc/callback_of_container.go:26.55,28.3 1 1
cjw.com/melodywen/go-ioc/callback_of_container.go:33.120,34.48 1 1
cjw.com/melodywen/go-ioc/callback_of_container.go:37.2,37.71 1 1
cjw.com/melodywen/go-ioc/callback_of_container.go:34.48,36.3 1 1
cjw.com/melodywen/go-ioc/callback_of_container.go:41.77,43.45 2 1
cjw.com/melodywen/go-ioc/callback_of_container.go:47.2,47.14 1 1
cjw.com/melodywen/go-ioc/callback_of_container.go:43.45,46.3 2 1
cjw.com/melodywen/go-ioc/callback_of_container.go:51.126,53.45 2 1
cjw.com/melodywen/go-ioc/callback_of_container.go:53.45,56.3 2 1
cjw.com/melodywen/go-ioc/callback_of_container.go:56.8,57.47 1 1
cjw.com/melodywen/go-ioc/callback_of_container.go:60.3,61.32 2 1
cjw.com/melodywen/go-ioc/callback_of_container.go:57.47,59.4 1 1
cjw.com/melodywen/go-ioc/callback_of_container.go:61.32,63.4 1 1
cjw.com/melodywen/go-ioc/callback_of_container.go:68.93,69.28 1 1
cjw.com/melodywen/go-ioc/callback_of_container.go:69.28,72.27 2 1
cjw.com/melodywen/go-ioc/callback_of_container.go:77.3,77.73 1 1
cjw.com/melodywen/go-ioc/callback_of_container.go:72.27,74.4 1 0
cjw.com/melodywen/go-ioc/callback_of_container.go:85.55,86.37 1 1
cjw.com/melodywen/go-ioc/callback_of_container.go:86.37,88.3 1 1
cjw.com/melodywen/go-ioc/callback_of_container.go:92.101,95.67 2 1
cjw.com/melodywen/go-ioc/callback_of_container.go:95.67,97.24 1 1
cjw.com/melodywen/go-ioc/callback_of_container.go:97.24,99.4 1 1
cjw.com/melodywen/go-ioc/callback_of_container.go:104.117,105.21 1 1
cjw.com/melodywen/go-ioc/callback_of_container.go:109.2,111.61 2 1
cjw.com/melodywen/go-ioc/callback_of_container.go:114.2,114.105 1 1
cjw.com/melodywen/go-ioc/callback_of_container.go:105.21,108.3 2 1
cjw.com/melodywen/go-ioc/callback_of_container.go:111.61,113.3 1 1
cjw.com/melodywen/go-ioc/callback_of_container.go:118.110,119.37 1 1
cjw.com/melodywen/go-ioc/callback_of_container.go:119.37,121.3 1 1
cjw.com/melodywen/go-ioc/callback_of_container.go:125.172,127.41 2 1
cjw.com/melodywen/go-ioc/callback_of_container.go:133.2,133.16 1 1
cjw.com/melodywen/go-ioc/callback_of_container.go:127.41,129.24 1 1
cjw.com/melodywen/go-ioc/callback_of_container.go:129.24,131.4 1 1
cjw.com/melodywen/go-ioc/callback_of_container.go:137.101,138.21 1 1
cjw.com/melodywen/go-ioc/callback_of_container.go:142.2,143.55 2 1
cjw.com/melodywen/go-ioc/callback_of_container.go:146.2,146.93 1 1
cjw.com/melodywen/go-ioc/callback_of_container.go:138.21,141.3 2 1
cjw.com/melodywen/go-ioc/callback_of_container.go:143.55,145.3 1 1
cjw.com/melodywen/go-ioc/callback_of_container.go:150.106,151.21 1 1
cjw.com/melodywen/go-ioc/callback_of_container.go:155.2,156.60 2 1
cjw.com/melodywen/go-ioc/callback_of_container.go:159.2,159.103 1 1
cjw.com/melodywen/go-ioc/callback_of_container.go:151.21,154.3 2 1
cjw.com/melodywen/go-ioc/callback_of_container.go:156.60,158.3 1 1
cjw.com/melodywen/go-ioc/callback_of_container.go:163.89,171.2 3 1
cjw.com/melodywen/go-ioc/callback_of_container.go:174.94,180.2 2 1
cjw.com/melodywen/go-ioc/contextual_of_container.go:8.82,10.45 2 1
cjw.com/melodywen/go-ioc/contextual_of_container.go:13.2,13.56 1 1
cjw.com/melodywen/go-ioc/contextual_of_container.go:10.45,12.3 1 1
cjw.com/melodywen/go-ioc/contextual_of_container.go:17.122,20.55 3 1
cjw.com/melodywen/go-ioc/contextual_of_container.go:23.2,23.69 1 1
cjw.com/melodywen/go-ioc/contextual_of_container.go:20.55,22.3 1 1
cjw.com/melodywen/go-ioc/contextual_of_container.go:27.91,29.2 1 1
